debug: Tue, 01 Mar 2022 07:05:36 GMT
debug: Project: /Users/judy/Desktop/tower/tower
debug: Targets: editor,preview
debug: [PackerDriver] Options doesn't match.
Last: {
  "version": "13",
  "config": {
    "useDefineForClassFields": true,
    "allowDeclareFields": true,
    "loose": true,
    "exportsConditions": [
      "browser"
    ],
    "guessCommonJsExports": false
  }
}
Current: {
  "version": "14",
  "config": {
    "useDefineForClassFields": true,
    "allowDeclareFields": true,
    "loose": true,
    "exportsConditions": [
      "browser"
    ],
    "guessCommonJsExports": false
  }
}
debug: Clearing out the targets...
debug: Engine path: /Applications/CocosCreator/Creator/3.4.0/CocosCreator.app/Contents/Resources/resources/3d/engine
debug: Initializing target [Editor]
debug: Loading cache
debug: Module record file loaded failed with error: Error: ENOENT: no such file or directory, open '/Users/judy/Desktop/tower/tower/temp/programming/packer-driver/targets/editor/modules.json'
debug: Loading cache costs 2.535365104675293ms.
debug: Engine features shipped in editor: base,gfx-webgl,gfx-webgl2,3d,2d,ui,particle,particle-2d,physics-framework,physics-2d-framework,intersection-2d,primitive,profiler,audio,video,terrain,webview,tween,tiled-map,spine,dragon-bones,marionette
debug: Initializing target [Preview]
debug: Loading cache
debug: Module record file loaded failed with error: Error: ENOENT: no such file or directory, open '/Users/judy/Desktop/tower/tower/temp/programming/packer-driver/targets/preview/modules.json'
debug: Loading cache costs 2.1420392990112305ms.
debug: Sync engine features: base,gfx-webgl,gfx-webgl2,3d,2d,ui,particle,physics-ammo,physics-2d-builtin,intersection-2d,primitive,profiler,particle-2d,audio,video,webview,tween,terrain,tiled-map,spine,dragon-bones,marionette
debug: Pulling asset-db.
debug: Fetch asset-db cost: 69.12836456298828ms.
debug: Build iteration starts.
Number of accumulated asset changes: 4
Feature changed: false
debug: Target(editor) build started.
debug: Inspect cce:/internal/x/cc
debug: Resolve cce:/internal/x/cc-fu/base from cce:/internal/x/cc as external dependency cce:/internal/x/cc-fu/base.
debug: Resolve cce:/internal/x/cc-fu/gfx-webgl from cce:/internal/x/cc as external dependency cce:/internal/x/cc-fu/gfx-webgl.
debug: Resolve cce:/internal/x/cc-fu/gfx-webgl2 from cce:/internal/x/cc as external dependency cce:/internal/x/cc-fu/gfx-webgl2.
debug: Resolve cce:/internal/x/cc-fu/3d from cce:/internal/x/cc as external dependency cce:/internal/x/cc-fu/3d.
debug: Resolve cce:/internal/x/cc-fu/2d from cce:/internal/x/cc as external dependency cce:/internal/x/cc-fu/2d.
debug: Resolve cce:/internal/x/cc-fu/ui from cce:/internal/x/cc as external dependency cce:/internal/x/cc-fu/ui.
debug: Resolve cce:/internal/x/cc-fu/particle from cce:/internal/x/cc as external dependency cce:/internal/x/cc-fu/particle.
debug: Resolve cce:/internal/x/cc-fu/particle-2d from cce:/internal/x/cc as external dependency cce:/internal/x/cc-fu/particle-2d.
debug: Resolve cce:/internal/x/cc-fu/physics-framework from cce:/internal/x/cc as external dependency cce:/internal/x/cc-fu/physics-framework.
debug: Resolve cce:/internal/x/cc-fu/physics-2d-framework from cce:/internal/x/cc as external dependency cce:/internal/x/cc-fu/physics-2d-framework.
debug: Resolve cce:/internal/x/cc-fu/intersection-2d from cce:/internal/x/cc as external dependency cce:/internal/x/cc-fu/intersection-2d.
debug: Resolve cce:/internal/x/cc-fu/primitive from cce:/internal/x/cc as external dependency cce:/internal/x/cc-fu/primitive.
debug: Resolve cce:/internal/x/cc-fu/profiler from cce:/internal/x/cc as external dependency cce:/internal/x/cc-fu/profiler.
debug: Resolve cce:/internal/x/cc-fu/audio from cce:/internal/x/cc as external dependency cce:/internal/x/cc-fu/audio.
debug: Resolve cce:/internal/x/cc-fu/video from cce:/internal/x/cc as external dependency cce:/internal/x/cc-fu/video.
debug: Resolve cce:/internal/x/cc-fu/terrain from cce:/internal/x/cc as external dependency cce:/internal/x/cc-fu/terrain.
debug: Resolve cce:/internal/x/cc-fu/webview from cce:/internal/x/cc as external dependency cce:/internal/x/cc-fu/webview.
debug: Resolve cce:/internal/x/cc-fu/tween from cce:/internal/x/cc as external dependency cce:/internal/x/cc-fu/tween.
debug: Resolve cce:/internal/x/cc-fu/tiled-map from cce:/internal/x/cc as external dependency cce:/internal/x/cc-fu/tiled-map.
debug: Resolve cce:/internal/x/cc-fu/spine from cce:/internal/x/cc as external dependency cce:/internal/x/cc-fu/spine.
debug: Resolve cce:/internal/x/cc-fu/dragon-bones from cce:/internal/x/cc as external dependency cce:/internal/x/cc-fu/dragon-bones.
debug: Inspect cce:/internal/x/prerequisite-imports
debug: Resolve file:///Users/judy/Desktop/tower/tower/assets/typescript/gloabl.ts from cce:/internal/x/prerequisite-imports as file:///Users/judy/Desktop/tower/tower/assets/typescript/gloabl.ts.
debug: Resolve file:///Users/judy/Desktop/tower/tower/assets/typescript/hero.ts from cce:/internal/x/prerequisite-imports as file:///Users/judy/Desktop/tower/tower/assets/typescript/hero.ts.
debug: Resolve file:///Users/judy/Desktop/tower/tower/assets/typescript/mainScene.ts from cce:/internal/x/prerequisite-imports as file:///Users/judy/Desktop/tower/tower/assets/typescript/mainScene.ts.
debug: Resolve file:///Users/judy/Desktop/tower/tower/assets/typescript/soldier.ts from cce:/internal/x/prerequisite-imports as file:///Users/judy/Desktop/tower/tower/assets/typescript/soldier.ts.
debug: Inspect file:///Users/judy/Desktop/tower/tower/assets/typescript/hero.ts
debug: Inspect file:///Users/judy/Desktop/tower/tower/assets/typescript/mainScene.ts
debug: Inspect file:///Users/judy/Desktop/tower/tower/assets/typescript/gloabl.ts
debug: Inspect file:///Users/judy/Desktop/tower/tower/assets/typescript/soldier.ts
debug: Resolve cc from file:///Users/judy/Desktop/tower/tower/assets/typescript/gloabl.ts as cce:/internal/x/cc.
debug: Resolve cc from file:///Users/judy/Desktop/tower/tower/assets/typescript/gloabl.ts as cce:/internal/x/cc.
debug: Resolve cc from file:///Users/judy/Desktop/tower/tower/assets/typescript/hero.ts as cce:/internal/x/cc.
debug: Resolve cc from file:///Users/judy/Desktop/tower/tower/assets/typescript/hero.ts as cce:/internal/x/cc.
debug: Resolve cce:/internal/code-quality/cr.mjs from file:///Users/judy/Desktop/tower/tower/assets/typescript/soldier.ts as cce:/internal/code-quality/cr.mjs.
debug: Resolve cc from file:///Users/judy/Desktop/tower/tower/assets/typescript/soldier.ts as cce:/internal/x/cc.
debug: Resolve cc from file:///Users/judy/Desktop/tower/tower/assets/typescript/soldier.ts as cce:/internal/x/cc.
debug: Inspect cce:/internal/code-quality/cr.mjs
debug: Resolve cce:/internal/code-quality/cr.mjs from file:///Users/judy/Desktop/tower/tower/assets/typescript/mainScene.ts as cce:/internal/code-quality/cr.mjs.
debug: Resolve cc from file:///Users/judy/Desktop/tower/tower/assets/typescript/mainScene.ts as cce:/internal/x/cc.
debug: Resolve cc from file:///Users/judy/Desktop/tower/tower/assets/typescript/mainScene.ts as cce:/internal/x/cc.
debug: Resolve ./gloabl from file:///Users/judy/Desktop/tower/tower/assets/typescript/soldier.ts as file:///Users/judy/Desktop/tower/tower/assets/typescript/gloabl.ts.
debug: Resolve ./mainScene from file:///Users/judy/Desktop/tower/tower/assets/typescript/soldier.ts as file:///Users/judy/Desktop/tower/tower/assets/typescript/mainScene.ts.
debug: Resolve ./gloabl from file:///Users/judy/Desktop/tower/tower/assets/typescript/mainScene.ts as file:///Users/judy/Desktop/tower/tower/assets/typescript/gloabl.ts.
debug: Target(editor) ends with cost 2658.8533935546875ms.
debug: Target(preview) build started.
debug: Inspect cce:/internal/x/cc
debug: Resolve cce:/internal/x/cc-fu/base from cce:/internal/x/cc as external dependency cce:/internal/x/cc-fu/base.
debug: Resolve cce:/internal/x/cc-fu/gfx-webgl from cce:/internal/x/cc as external dependency cce:/internal/x/cc-fu/gfx-webgl.
debug: Resolve cce:/internal/x/cc-fu/gfx-webgl2 from cce:/internal/x/cc as external dependency cce:/internal/x/cc-fu/gfx-webgl2.
debug: Resolve cce:/internal/x/cc-fu/3d from cce:/internal/x/cc as external dependency cce:/internal/x/cc-fu/3d.
debug: Resolve cce:/internal/x/cc-fu/2d from cce:/internal/x/cc as external dependency cce:/internal/x/cc-fu/2d.
debug: Resolve cce:/internal/x/cc-fu/ui from cce:/internal/x/cc as external dependency cce:/internal/x/cc-fu/ui.
debug: Resolve cce:/internal/x/cc-fu/particle from cce:/internal/x/cc as external dependency cce:/internal/x/cc-fu/particle.
debug: Resolve cce:/internal/x/cc-fu/physics-ammo from cce:/internal/x/cc as external dependency cce:/internal/x/cc-fu/physics-ammo.
debug: Resolve cce:/internal/x/cc-fu/physics-framework from cce:/internal/x/cc as external dependency cce:/internal/x/cc-fu/physics-framework.
debug: Resolve cce:/internal/x/cc-fu/wait-for-ammo-instantiation from cce:/internal/x/cc as external dependency cce:/internal/x/cc-fu/wait-for-ammo-instantiation.
debug: Resolve cce:/internal/x/cc-fu/physics-2d-builtin from cce:/internal/x/cc as external dependency cce:/internal/x/cc-fu/physics-2d-builtin.
debug: Resolve cce:/internal/x/cc-fu/physics-2d-framework from cce:/internal/x/cc as external dependency cce:/internal/x/cc-fu/physics-2d-framework.
debug: Resolve cce:/internal/x/cc-fu/intersection-2d from cce:/internal/x/cc as external dependency cce:/internal/x/cc-fu/intersection-2d.
debug: Resolve cce:/internal/x/cc-fu/primitive from cce:/internal/x/cc as external dependency cce:/internal/x/cc-fu/primitive.
debug: Resolve cce:/internal/x/cc-fu/profiler from cce:/internal/x/cc as external dependency cce:/internal/x/cc-fu/profiler.
debug: Resolve cce:/internal/x/cc-fu/particle-2d from cce:/internal/x/cc as external dependency cce:/internal/x/cc-fu/particle-2d.
debug: Resolve cce:/internal/x/cc-fu/audio from cce:/internal/x/cc as external dependency cce:/internal/x/cc-fu/audio.
debug: Resolve cce:/internal/x/cc-fu/video from cce:/internal/x/cc as external dependency cce:/internal/x/cc-fu/video.
debug: Resolve cce:/internal/x/cc-fu/webview from cce:/internal/x/cc as external dependency cce:/internal/x/cc-fu/webview.
debug: Resolve cce:/internal/x/cc-fu/tween from cce:/internal/x/cc as external dependency cce:/internal/x/cc-fu/tween.
debug: Resolve cce:/internal/x/cc-fu/terrain from cce:/internal/x/cc as external dependency cce:/internal/x/cc-fu/terrain.
debug: Resolve cce:/internal/x/cc-fu/tiled-map from cce:/internal/x/cc as external dependency cce:/internal/x/cc-fu/tiled-map.
debug: Resolve cce:/internal/x/cc-fu/spine from cce:/internal/x/cc as external dependency cce:/internal/x/cc-fu/spine.
debug: Resolve cce:/internal/x/cc-fu/dragon-bones from cce:/internal/x/cc as external dependency cce:/internal/x/cc-fu/dragon-bones.
debug: Inspect cce:/internal/x/prerequisite-imports
debug: Resolve file:///Users/judy/Desktop/tower/tower/assets/typescript/gloabl.ts from cce:/internal/x/prerequisite-imports as file:///Users/judy/Desktop/tower/tower/assets/typescript/gloabl.ts.
debug: Resolve file:///Users/judy/Desktop/tower/tower/assets/typescript/hero.ts from cce:/internal/x/prerequisite-imports as file:///Users/judy/Desktop/tower/tower/assets/typescript/hero.ts.
debug: Resolve file:///Users/judy/Desktop/tower/tower/assets/typescript/mainScene.ts from cce:/internal/x/prerequisite-imports as file:///Users/judy/Desktop/tower/tower/assets/typescript/mainScene.ts.
debug: Resolve file:///Users/judy/Desktop/tower/tower/assets/typescript/soldier.ts from cce:/internal/x/prerequisite-imports as file:///Users/judy/Desktop/tower/tower/assets/typescript/soldier.ts.
debug: Inspect file:///Users/judy/Desktop/tower/tower/assets/typescript/gloabl.ts
debug: Inspect file:///Users/judy/Desktop/tower/tower/assets/typescript/hero.ts
debug: Inspect file:///Users/judy/Desktop/tower/tower/assets/typescript/mainScene.ts
debug: Inspect file:///Users/judy/Desktop/tower/tower/assets/typescript/soldier.ts
debug: Resolve cce:/internal/code-quality/cr.mjs from file:///Users/judy/Desktop/tower/tower/assets/typescript/soldier.ts as cce:/internal/code-quality/cr.mjs.
debug: Resolve cc from file:///Users/judy/Desktop/tower/tower/assets/typescript/soldier.ts as cce:/internal/x/cc.
debug: Resolve cc from file:///Users/judy/Desktop/tower/tower/assets/typescript/soldier.ts as cce:/internal/x/cc.
debug: Inspect cce:/internal/code-quality/cr.mjs
debug: Resolve cc from file:///Users/judy/Desktop/tower/tower/assets/typescript/hero.ts as cce:/internal/x/cc.
debug: Resolve cc from file:///Users/judy/Desktop/tower/tower/assets/typescript/hero.ts as cce:/internal/x/cc.
debug: Resolve cc from file:///Users/judy/Desktop/tower/tower/assets/typescript/gloabl.ts as cce:/internal/x/cc.
debug: Resolve cc from file:///Users/judy/Desktop/tower/tower/assets/typescript/gloabl.ts as cce:/internal/x/cc.
debug: Resolve cce:/internal/code-quality/cr.mjs from file:///Users/judy/Desktop/tower/tower/assets/typescript/mainScene.ts as cce:/internal/code-quality/cr.mjs.
debug: Resolve cc from file:///Users/judy/Desktop/tower/tower/assets/typescript/mainScene.ts as cce:/internal/x/cc.
debug: Resolve cc from file:///Users/judy/Desktop/tower/tower/assets/typescript/mainScene.ts as cce:/internal/x/cc.
debug: Resolve ./gloabl from file:///Users/judy/Desktop/tower/tower/assets/typescript/soldier.ts as file:///Users/judy/Desktop/tower/tower/assets/typescript/gloabl.ts.
debug: Resolve ./mainScene from file:///Users/judy/Desktop/tower/tower/assets/typescript/soldier.ts as file:///Users/judy/Desktop/tower/tower/assets/typescript/mainScene.ts.
debug: Resolve ./gloabl from file:///Users/judy/Desktop/tower/tower/assets/typescript/mainScene.ts as file:///Users/judy/Desktop/tower/tower/assets/typescript/gloabl.ts.
debug: Target(preview) ends with cost 1858.7017965316772ms.
debug: Dispatch build request for time accumulated 1 asset changes.
debug: Build iteration starts.
Number of accumulated asset changes: 1
Feature changed: false
debug: Target(editor) build started.
debug: Detected change: cce:/internal/x/prerequisite-imports. Last mtime: Thu Jan 01 1970 08:01:30 GMT+0800 (中国标准时间), Current mtime: Thu Jan 01 1970 08:05:58 GMT+0800 (中国标准时间)
debug: Inspect cce:/internal/x/prerequisite-imports
debug: Resolve file:///Users/judy/Desktop/tower/tower/assets/typescript/gloabl.ts from cce:/internal/x/prerequisite-imports as file:///Users/judy/Desktop/tower/tower/assets/typescript/gloabl.ts.
debug: Resolve file:///Users/judy/Desktop/tower/tower/assets/typescript/mainScene.ts from cce:/internal/x/prerequisite-imports as file:///Users/judy/Desktop/tower/tower/assets/typescript/mainScene.ts.
debug: Resolve file:///Users/judy/Desktop/tower/tower/assets/typescript/hero.ts from cce:/internal/x/prerequisite-imports as file:///Users/judy/Desktop/tower/tower/assets/typescript/hero.ts.
debug: Resolve file:///Users/judy/Desktop/tower/tower/assets/typescript/soldier.ts from cce:/internal/x/prerequisite-imports as file:///Users/judy/Desktop/tower/tower/assets/typescript/soldier.ts.
debug: Inspect file:///Users/judy/Desktop/tower/tower/assets/typescript/mainScene.ts
debug: Resolve cce:/internal/code-quality/cr.mjs from file:///Users/judy/Desktop/tower/tower/assets/typescript/mainScene.ts as cce:/internal/code-quality/cr.mjs.
debug: Resolve cc from file:///Users/judy/Desktop/tower/tower/assets/typescript/mainScene.ts as cce:/internal/x/cc.
debug: Resolve cc from file:///Users/judy/Desktop/tower/tower/assets/typescript/mainScene.ts as cce:/internal/x/cc.
debug: Resolve ./gloabl from file:///Users/judy/Desktop/tower/tower/assets/typescript/mainScene.ts as file:///Users/judy/Desktop/tower/tower/assets/typescript/gloabl.ts.
debug: Target(editor) ends with cost 1108.055793762207ms.
debug: Target(preview) build started.
debug: Detected change: cce:/internal/x/prerequisite-imports. Last mtime: Thu Jan 01 1970 08:01:33 GMT+0800 (中国标准时间), Current mtime: Thu Jan 01 1970 08:05:59 GMT+0800 (中国标准时间)
debug: Inspect cce:/internal/x/prerequisite-imports
debug: Resolve file:///Users/judy/Desktop/tower/tower/assets/typescript/gloabl.ts from cce:/internal/x/prerequisite-imports as file:///Users/judy/Desktop/tower/tower/assets/typescript/gloabl.ts.
debug: Resolve file:///Users/judy/Desktop/tower/tower/assets/typescript/hero.ts from cce:/internal/x/prerequisite-imports as file:///Users/judy/Desktop/tower/tower/assets/typescript/hero.ts.
debug: Resolve file:///Users/judy/Desktop/tower/tower/assets/typescript/mainScene.ts from cce:/internal/x/prerequisite-imports as file:///Users/judy/Desktop/tower/tower/assets/typescript/mainScene.ts.
debug: Resolve file:///Users/judy/Desktop/tower/tower/assets/typescript/soldier.ts from cce:/internal/x/prerequisite-imports as file:///Users/judy/Desktop/tower/tower/assets/typescript/soldier.ts.
debug: Inspect file:///Users/judy/Desktop/tower/tower/assets/typescript/mainScene.ts
debug: Resolve cce:/internal/code-quality/cr.mjs from file:///Users/judy/Desktop/tower/tower/assets/typescript/mainScene.ts as cce:/internal/code-quality/cr.mjs.
debug: Resolve cc from file:///Users/judy/Desktop/tower/tower/assets/typescript/mainScene.ts as cce:/internal/x/cc.
debug: Resolve cc from file:///Users/judy/Desktop/tower/tower/assets/typescript/mainScene.ts as cce:/internal/x/cc.
debug: Resolve ./gloabl from file:///Users/judy/Desktop/tower/tower/assets/typescript/mainScene.ts as file:///Users/judy/Desktop/tower/tower/assets/typescript/gloabl.ts.
debug: Target(preview) ends with cost 1078.12788772583ms.
debug: Dispatch build request for time accumulated 1 asset changes.
debug: Build iteration starts.
Number of accumulated asset changes: 1
Feature changed: false
debug: Target(editor) build started.
debug: Detected change: cce:/internal/x/prerequisite-imports. Last mtime: Thu Jan 01 1970 08:05:58 GMT+0800 (中国标准时间), Current mtime: Thu Jan 01 1970 08:09:32 GMT+0800 (中国标准时间)
debug: Inspect cce:/internal/x/prerequisite-imports
debug: Resolve file:///Users/judy/Desktop/tower/tower/assets/typescript/hero.ts from cce:/internal/x/prerequisite-imports as file:///Users/judy/Desktop/tower/tower/assets/typescript/hero.ts.
debug: Resolve file:///Users/judy/Desktop/tower/tower/assets/typescript/mainScene.ts from cce:/internal/x/prerequisite-imports as file:///Users/judy/Desktop/tower/tower/assets/typescript/mainScene.ts.
debug: Resolve file:///Users/judy/Desktop/tower/tower/assets/typescript/soldier.ts from cce:/internal/x/prerequisite-imports as file:///Users/judy/Desktop/tower/tower/assets/typescript/soldier.ts.
debug: Resolve file:///Users/judy/Desktop/tower/tower/assets/typescript/gloabl.ts from cce:/internal/x/prerequisite-imports as file:///Users/judy/Desktop/tower/tower/assets/typescript/gloabl.ts.
debug: Inspect file:///Users/judy/Desktop/tower/tower/assets/typescript/mainScene.ts
debug: Detected change: file:///Users/judy/Desktop/tower/tower/assets/typescript/soldier.ts. Last mtime: Tue Feb 22 2022 20:10:19 GMT+0800 (中国标准时间), Current mtime: Tue Mar 01 2022 15:14:18 GMT+0800 (中国标准时间)
debug: Inspect file:///Users/judy/Desktop/tower/tower/assets/typescript/soldier.ts
debug: Dispatch build request for time accumulated 1 asset changes.
debug: Resolve cce:/internal/code-quality/cr.mjs from file:///Users/judy/Desktop/tower/tower/assets/typescript/mainScene.ts as cce:/internal/code-quality/cr.mjs.
debug: Resolve cc from file:///Users/judy/Desktop/tower/tower/assets/typescript/mainScene.ts as cce:/internal/x/cc.
debug: Resolve cc from file:///Users/judy/Desktop/tower/tower/assets/typescript/mainScene.ts as cce:/internal/x/cc.
debug: Resolve cce:/internal/code-quality/cr.mjs from file:///Users/judy/Desktop/tower/tower/assets/typescript/soldier.ts as cce:/internal/code-quality/cr.mjs.
debug: Resolve cc from file:///Users/judy/Desktop/tower/tower/assets/typescript/soldier.ts as cce:/internal/x/cc.
debug: Resolve cc from file:///Users/judy/Desktop/tower/tower/assets/typescript/soldier.ts as cce:/internal/x/cc.
debug: Resolve ./gloabl from file:///Users/judy/Desktop/tower/tower/assets/typescript/mainScene.ts as file:///Users/judy/Desktop/tower/tower/assets/typescript/gloabl.ts.
debug: Resolve ./gloabl from file:///Users/judy/Desktop/tower/tower/assets/typescript/soldier.ts as file:///Users/judy/Desktop/tower/tower/assets/typescript/gloabl.ts.
debug: Resolve ./mainScene from file:///Users/judy/Desktop/tower/tower/assets/typescript/soldier.ts as file:///Users/judy/Desktop/tower/tower/assets/typescript/mainScene.ts.
debug: Target(editor) ends with cost 1229.206153869629ms.
debug: Target(preview) build started.
debug: Detected change: cce:/internal/x/prerequisite-imports. Last mtime: Thu Jan 01 1970 08:05:59 GMT+0800 (中国标准时间), Current mtime: Thu Jan 01 1970 08:09:34 GMT+0800 (中国标准时间)
debug: Inspect cce:/internal/x/prerequisite-imports
debug: Resolve file:///Users/judy/Desktop/tower/tower/assets/typescript/hero.ts from cce:/internal/x/prerequisite-imports as file:///Users/judy/Desktop/tower/tower/assets/typescript/hero.ts.
debug: Resolve file:///Users/judy/Desktop/tower/tower/assets/typescript/gloabl.ts from cce:/internal/x/prerequisite-imports as file:///Users/judy/Desktop/tower/tower/assets/typescript/gloabl.ts.
debug: Resolve file:///Users/judy/Desktop/tower/tower/assets/typescript/mainScene.ts from cce:/internal/x/prerequisite-imports as file:///Users/judy/Desktop/tower/tower/assets/typescript/mainScene.ts.
debug: Resolve file:///Users/judy/Desktop/tower/tower/assets/typescript/soldier.ts from cce:/internal/x/prerequisite-imports as file:///Users/judy/Desktop/tower/tower/assets/typescript/soldier.ts.
debug: Inspect file:///Users/judy/Desktop/tower/tower/assets/typescript/mainScene.ts
debug: Detected change: file:///Users/judy/Desktop/tower/tower/assets/typescript/soldier.ts. Last mtime: Tue Feb 22 2022 20:10:19 GMT+0800 (中国标准时间), Current mtime: Tue Mar 01 2022 15:14:18 GMT+0800 (中国标准时间)
debug: Inspect file:///Users/judy/Desktop/tower/tower/assets/typescript/soldier.ts
debug: Resolve cce:/internal/code-quality/cr.mjs from file:///Users/judy/Desktop/tower/tower/assets/typescript/mainScene.ts as cce:/internal/code-quality/cr.mjs.
debug: Resolve cc from file:///Users/judy/Desktop/tower/tower/assets/typescript/mainScene.ts as cce:/internal/x/cc.
debug: Resolve cc from file:///Users/judy/Desktop/tower/tower/assets/typescript/mainScene.ts as cce:/internal/x/cc.
debug: Resolve cce:/internal/code-quality/cr.mjs from file:///Users/judy/Desktop/tower/tower/assets/typescript/soldier.ts as cce:/internal/code-quality/cr.mjs.
debug: Resolve cc from file:///Users/judy/Desktop/tower/tower/assets/typescript/soldier.ts as cce:/internal/x/cc.
debug: Resolve cc from file:///Users/judy/Desktop/tower/tower/assets/typescript/soldier.ts as cce:/internal/x/cc.
debug: Resolve ./gloabl from file:///Users/judy/Desktop/tower/tower/assets/typescript/mainScene.ts as file:///Users/judy/Desktop/tower/tower/assets/typescript/gloabl.ts.
debug: Resolve ./mainScene from file:///Users/judy/Desktop/tower/tower/assets/typescript/soldier.ts as file:///Users/judy/Desktop/tower/tower/assets/typescript/mainScene.ts.
debug: Resolve ./gloabl from file:///Users/judy/Desktop/tower/tower/assets/typescript/soldier.ts as file:///Users/judy/Desktop/tower/tower/assets/typescript/gloabl.ts.
debug: Target(preview) ends with cost 1273.4793109893799ms.
debug: Build iteration starts.
Number of accumulated asset changes: 1
Feature changed: false
debug: Target(editor) build started.
debug: Detected change: cce:/internal/x/prerequisite-imports. Last mtime: Thu Jan 01 1970 08:09:32 GMT+0800 (中国标准时间), Current mtime: Thu Jan 01 1970 08:09:35 GMT+0800 (中国标准时间)
debug: Inspect cce:/internal/x/prerequisite-imports
debug: Resolve file:///Users/judy/Desktop/tower/tower/assets/typescript/gloabl.ts from cce:/internal/x/prerequisite-imports as file:///Users/judy/Desktop/tower/tower/assets/typescript/gloabl.ts.
debug: Resolve file:///Users/judy/Desktop/tower/tower/assets/typescript/hero.ts from cce:/internal/x/prerequisite-imports as file:///Users/judy/Desktop/tower/tower/assets/typescript/hero.ts.
debug: Resolve file:///Users/judy/Desktop/tower/tower/assets/typescript/mainScene.ts from cce:/internal/x/prerequisite-imports as file:///Users/judy/Desktop/tower/tower/assets/typescript/mainScene.ts.
debug: Resolve file:///Users/judy/Desktop/tower/tower/assets/typescript/soldier.ts from cce:/internal/x/prerequisite-imports as file:///Users/judy/Desktop/tower/tower/assets/typescript/soldier.ts.
debug: Inspect file:///Users/judy/Desktop/tower/tower/assets/typescript/soldier.ts
debug: Resolve cce:/internal/code-quality/cr.mjs from file:///Users/judy/Desktop/tower/tower/assets/typescript/soldier.ts as cce:/internal/code-quality/cr.mjs.
debug: Resolve cc from file:///Users/judy/Desktop/tower/tower/assets/typescript/soldier.ts as cce:/internal/x/cc.
debug: Resolve cc from file:///Users/judy/Desktop/tower/tower/assets/typescript/soldier.ts as cce:/internal/x/cc.
debug: Resolve ./gloabl from file:///Users/judy/Desktop/tower/tower/assets/typescript/soldier.ts as file:///Users/judy/Desktop/tower/tower/assets/typescript/gloabl.ts.
debug: Resolve ./mainScene from file:///Users/judy/Desktop/tower/tower/assets/typescript/soldier.ts as file:///Users/judy/Desktop/tower/tower/assets/typescript/mainScene.ts.
debug: Target(editor) ends with cost 466.6842803955078ms.
debug: Target(preview) build started.
debug: Detected change: cce:/internal/x/prerequisite-imports. Last mtime: Thu Jan 01 1970 08:09:34 GMT+0800 (中国标准时间), Current mtime: Thu Jan 01 1970 08:09:35 GMT+0800 (中国标准时间)
debug: Inspect cce:/internal/x/prerequisite-imports
debug: Resolve file:///Users/judy/Desktop/tower/tower/assets/typescript/gloabl.ts from cce:/internal/x/prerequisite-imports as file:///Users/judy/Desktop/tower/tower/assets/typescript/gloabl.ts.
debug: Resolve file:///Users/judy/Desktop/tower/tower/assets/typescript/hero.ts from cce:/internal/x/prerequisite-imports as file:///Users/judy/Desktop/tower/tower/assets/typescript/hero.ts.
debug: Resolve file:///Users/judy/Desktop/tower/tower/assets/typescript/mainScene.ts from cce:/internal/x/prerequisite-imports as file:///Users/judy/Desktop/tower/tower/assets/typescript/mainScene.ts.
debug: Resolve file:///Users/judy/Desktop/tower/tower/assets/typescript/soldier.ts from cce:/internal/x/prerequisite-imports as file:///Users/judy/Desktop/tower/tower/assets/typescript/soldier.ts.
debug: Inspect file:///Users/judy/Desktop/tower/tower/assets/typescript/soldier.ts
debug: Resolve cce:/internal/code-quality/cr.mjs from file:///Users/judy/Desktop/tower/tower/assets/typescript/soldier.ts as cce:/internal/code-quality/cr.mjs.
debug: Resolve cc from file:///Users/judy/Desktop/tower/tower/assets/typescript/soldier.ts as cce:/internal/x/cc.
debug: Resolve cc from file:///Users/judy/Desktop/tower/tower/assets/typescript/soldier.ts as cce:/internal/x/cc.
debug: Resolve ./gloabl from file:///Users/judy/Desktop/tower/tower/assets/typescript/soldier.ts as file:///Users/judy/Desktop/tower/tower/assets/typescript/gloabl.ts.
debug: Resolve ./mainScene from file:///Users/judy/Desktop/tower/tower/assets/typescript/soldier.ts as file:///Users/judy/Desktop/tower/tower/assets/typescript/mainScene.ts.
debug: Target(preview) ends with cost 639.5231599807739ms.
debug: Dispatch build request for time accumulated 1 asset changes.
debug: Build iteration starts.
Number of accumulated asset changes: 1
Feature changed: false
debug: Target(editor) build started.
debug: Detected change: cce:/internal/x/prerequisite-imports. Last mtime: Thu Jan 01 1970 08:09:35 GMT+0800 (中国标准时间), Current mtime: Thu Jan 01 1970 08:10:24 GMT+0800 (中国标准时间)
debug: Inspect cce:/internal/x/prerequisite-imports
debug: Resolve file:///Users/judy/Desktop/tower/tower/assets/typescript/gloabl.ts from cce:/internal/x/prerequisite-imports as file:///Users/judy/Desktop/tower/tower/assets/typescript/gloabl.ts.
debug: Resolve file:///Users/judy/Desktop/tower/tower/assets/typescript/mainScene.ts from cce:/internal/x/prerequisite-imports as file:///Users/judy/Desktop/tower/tower/assets/typescript/mainScene.ts.
debug: Resolve file:///Users/judy/Desktop/tower/tower/assets/typescript/hero.ts from cce:/internal/x/prerequisite-imports as file:///Users/judy/Desktop/tower/tower/assets/typescript/hero.ts.
debug: Resolve file:///Users/judy/Desktop/tower/tower/assets/typescript/soldier.ts from cce:/internal/x/prerequisite-imports as file:///Users/judy/Desktop/tower/tower/assets/typescript/soldier.ts.
debug: Inspect file:///Users/judy/Desktop/tower/tower/assets/typescript/soldier.ts
debug: Resolve cce:/internal/code-quality/cr.mjs from file:///Users/judy/Desktop/tower/tower/assets/typescript/soldier.ts as cce:/internal/code-quality/cr.mjs.
debug: Resolve cc from file:///Users/judy/Desktop/tower/tower/assets/typescript/soldier.ts as cce:/internal/x/cc.
debug: Resolve cc from file:///Users/judy/Desktop/tower/tower/assets/typescript/soldier.ts as cce:/internal/x/cc.
debug: Resolve ./gloabl from file:///Users/judy/Desktop/tower/tower/assets/typescript/soldier.ts as file:///Users/judy/Desktop/tower/tower/assets/typescript/gloabl.ts.
debug: Resolve ./mainScene from file:///Users/judy/Desktop/tower/tower/assets/typescript/soldier.ts as file:///Users/judy/Desktop/tower/tower/assets/typescript/mainScene.ts.
debug: Target(editor) ends with cost 735.0640821456909ms.
debug: Target(preview) build started.
debug: Detected change: cce:/internal/x/prerequisite-imports. Last mtime: Thu Jan 01 1970 08:09:35 GMT+0800 (中国标准时间), Current mtime: Thu Jan 01 1970 08:10:25 GMT+0800 (中国标准时间)
debug: Inspect cce:/internal/x/prerequisite-imports
debug: Resolve file:///Users/judy/Desktop/tower/tower/assets/typescript/gloabl.ts from cce:/internal/x/prerequisite-imports as file:///Users/judy/Desktop/tower/tower/assets/typescript/gloabl.ts.
debug: Resolve file:///Users/judy/Desktop/tower/tower/assets/typescript/hero.ts from cce:/internal/x/prerequisite-imports as file:///Users/judy/Desktop/tower/tower/assets/typescript/hero.ts.
debug: Resolve file:///Users/judy/Desktop/tower/tower/assets/typescript/mainScene.ts from cce:/internal/x/prerequisite-imports as file:///Users/judy/Desktop/tower/tower/assets/typescript/mainScene.ts.
debug: Resolve file:///Users/judy/Desktop/tower/tower/assets/typescript/soldier.ts from cce:/internal/x/prerequisite-imports as file:///Users/judy/Desktop/tower/tower/assets/typescript/soldier.ts.
debug: Inspect file:///Users/judy/Desktop/tower/tower/assets/typescript/soldier.ts
debug: Resolve cce:/internal/code-quality/cr.mjs from file:///Users/judy/Desktop/tower/tower/assets/typescript/soldier.ts as cce:/internal/code-quality/cr.mjs.
debug: Resolve cc from file:///Users/judy/Desktop/tower/tower/assets/typescript/soldier.ts as cce:/internal/x/cc.
debug: Resolve cc from file:///Users/judy/Desktop/tower/tower/assets/typescript/soldier.ts as cce:/internal/x/cc.
debug: Resolve ./gloabl from file:///Users/judy/Desktop/tower/tower/assets/typescript/soldier.ts as file:///Users/judy/Desktop/tower/tower/assets/typescript/gloabl.ts.
debug: Resolve ./mainScene from file:///Users/judy/Desktop/tower/tower/assets/typescript/soldier.ts as file:///Users/judy/Desktop/tower/tower/assets/typescript/mainScene.ts.
debug: Target(preview) ends with cost 935.161434173584ms.
debug: Dispatch build request for time accumulated 1 asset changes.
debug: Build iteration starts.
Number of accumulated asset changes: 1
Feature changed: false
debug: Target(editor) build started.
debug: Detected change: cce:/internal/x/prerequisite-imports. Last mtime: Thu Jan 01 1970 08:10:24 GMT+0800 (中国标准时间), Current mtime: Thu Jan 01 1970 08:11:59 GMT+0800 (中国标准时间)
debug: Inspect cce:/internal/x/prerequisite-imports
debug: Resolve file:///Users/judy/Desktop/tower/tower/assets/typescript/mainScene.ts from cce:/internal/x/prerequisite-imports as file:///Users/judy/Desktop/tower/tower/assets/typescript/mainScene.ts.
debug: Resolve file:///Users/judy/Desktop/tower/tower/assets/typescript/gloabl.ts from cce:/internal/x/prerequisite-imports as file:///Users/judy/Desktop/tower/tower/assets/typescript/gloabl.ts.
debug: Resolve file:///Users/judy/Desktop/tower/tower/assets/typescript/soldier.ts from cce:/internal/x/prerequisite-imports as file:///Users/judy/Desktop/tower/tower/assets/typescript/soldier.ts.
debug: Resolve file:///Users/judy/Desktop/tower/tower/assets/typescript/hero.ts from cce:/internal/x/prerequisite-imports as file:///Users/judy/Desktop/tower/tower/assets/typescript/hero.ts.
debug: Inspect file:///Users/judy/Desktop/tower/tower/assets/typescript/soldier.ts
debug: Resolve cce:/internal/code-quality/cr.mjs from file:///Users/judy/Desktop/tower/tower/assets/typescript/soldier.ts as cce:/internal/code-quality/cr.mjs.
debug: Resolve cc from file:///Users/judy/Desktop/tower/tower/assets/typescript/soldier.ts as cce:/internal/x/cc.
debug: Resolve cc from file:///Users/judy/Desktop/tower/tower/assets/typescript/soldier.ts as cce:/internal/x/cc.
debug: Resolve ./gloabl from file:///Users/judy/Desktop/tower/tower/assets/typescript/soldier.ts as file:///Users/judy/Desktop/tower/tower/assets/typescript/gloabl.ts.
debug: Resolve ./mainScene from file:///Users/judy/Desktop/tower/tower/assets/typescript/soldier.ts as file:///Users/judy/Desktop/tower/tower/assets/typescript/mainScene.ts.
debug: Target(editor) ends with cost 680.5783634185791ms.
debug: Target(preview) build started.
debug: Detected change: cce:/internal/x/prerequisite-imports. Last mtime: Thu Jan 01 1970 08:10:25 GMT+0800 (中国标准时间), Current mtime: Thu Jan 01 1970 08:12:00 GMT+0800 (中国标准时间)
debug: Inspect cce:/internal/x/prerequisite-imports
debug: Resolve file:///Users/judy/Desktop/tower/tower/assets/typescript/gloabl.ts from cce:/internal/x/prerequisite-imports as file:///Users/judy/Desktop/tower/tower/assets/typescript/gloabl.ts.
debug: Resolve file:///Users/judy/Desktop/tower/tower/assets/typescript/mainScene.ts from cce:/internal/x/prerequisite-imports as file:///Users/judy/Desktop/tower/tower/assets/typescript/mainScene.ts.
debug: Resolve file:///Users/judy/Desktop/tower/tower/assets/typescript/soldier.ts from cce:/internal/x/prerequisite-imports as file:///Users/judy/Desktop/tower/tower/assets/typescript/soldier.ts.
debug: Resolve file:///Users/judy/Desktop/tower/tower/assets/typescript/hero.ts from cce:/internal/x/prerequisite-imports as file:///Users/judy/Desktop/tower/tower/assets/typescript/hero.ts.
debug: Inspect file:///Users/judy/Desktop/tower/tower/assets/typescript/soldier.ts
debug: Resolve cce:/internal/code-quality/cr.mjs from file:///Users/judy/Desktop/tower/tower/assets/typescript/soldier.ts as cce:/internal/code-quality/cr.mjs.
debug: Resolve cc from file:///Users/judy/Desktop/tower/tower/assets/typescript/soldier.ts as cce:/internal/x/cc.
debug: Resolve cc from file:///Users/judy/Desktop/tower/tower/assets/typescript/soldier.ts as cce:/internal/x/cc.
debug: Resolve ./mainScene from file:///Users/judy/Desktop/tower/tower/assets/typescript/soldier.ts as file:///Users/judy/Desktop/tower/tower/assets/typescript/mainScene.ts.
debug: Resolve ./gloabl from file:///Users/judy/Desktop/tower/tower/assets/typescript/soldier.ts as file:///Users/judy/Desktop/tower/tower/assets/typescript/gloabl.ts.
debug: Target(preview) ends with cost 807.9156999588013ms.
debug: Dispatch build request for time accumulated 1 asset changes.
debug: Build iteration starts.
Number of accumulated asset changes: 1
Feature changed: false
debug: Target(editor) build started.
debug: Detected change: cce:/internal/x/prerequisite-imports. Last mtime: Thu Jan 01 1970 08:11:59 GMT+0800 (中国标准时间), Current mtime: Thu Jan 01 1970 08:20:05 GMT+0800 (中国标准时间)
debug: Inspect cce:/internal/x/prerequisite-imports
debug: Resolve file:///Users/judy/Desktop/tower/tower/assets/typescript/gloabl.ts from cce:/internal/x/prerequisite-imports as file:///Users/judy/Desktop/tower/tower/assets/typescript/gloabl.ts.
debug: Resolve file:///Users/judy/Desktop/tower/tower/assets/typescript/hero.ts from cce:/internal/x/prerequisite-imports as file:///Users/judy/Desktop/tower/tower/assets/typescript/hero.ts.
debug: Resolve file:///Users/judy/Desktop/tower/tower/assets/typescript/mainScene.ts from cce:/internal/x/prerequisite-imports as file:///Users/judy/Desktop/tower/tower/assets/typescript/mainScene.ts.
debug: Resolve file:///Users/judy/Desktop/tower/tower/assets/typescript/soldier.ts from cce:/internal/x/prerequisite-imports as file:///Users/judy/Desktop/tower/tower/assets/typescript/soldier.ts.
debug: Inspect file:///Users/judy/Desktop/tower/tower/assets/typescript/soldier.ts
debug: Resolve cce:/internal/code-quality/cr.mjs from file:///Users/judy/Desktop/tower/tower/assets/typescript/soldier.ts as cce:/internal/code-quality/cr.mjs.
debug: Resolve cc from file:///Users/judy/Desktop/tower/tower/assets/typescript/soldier.ts as cce:/internal/x/cc.
debug: Resolve cc from file:///Users/judy/Desktop/tower/tower/assets/typescript/soldier.ts as cce:/internal/x/cc.
debug: Resolve ./gloabl from file:///Users/judy/Desktop/tower/tower/assets/typescript/soldier.ts as file:///Users/judy/Desktop/tower/tower/assets/typescript/gloabl.ts.
debug: Resolve ./mainScene from file:///Users/judy/Desktop/tower/tower/assets/typescript/soldier.ts as file:///Users/judy/Desktop/tower/tower/assets/typescript/mainScene.ts.
debug: Target(editor) ends with cost 939.7696599960327ms.
debug: Target(preview) build started.
debug: Detected change: cce:/internal/x/prerequisite-imports. Last mtime: Thu Jan 01 1970 08:12:00 GMT+0800 (中国标准时间), Current mtime: Thu Jan 01 1970 08:20:06 GMT+0800 (中国标准时间)
debug: Inspect cce:/internal/x/prerequisite-imports
debug: Resolve file:///Users/judy/Desktop/tower/tower/assets/typescript/gloabl.ts from cce:/internal/x/prerequisite-imports as file:///Users/judy/Desktop/tower/tower/assets/typescript/gloabl.ts.
debug: Resolve file:///Users/judy/Desktop/tower/tower/assets/typescript/hero.ts from cce:/internal/x/prerequisite-imports as file:///Users/judy/Desktop/tower/tower/assets/typescript/hero.ts.
debug: Resolve file:///Users/judy/Desktop/tower/tower/assets/typescript/soldier.ts from cce:/internal/x/prerequisite-imports as file:///Users/judy/Desktop/tower/tower/assets/typescript/soldier.ts.
debug: Resolve file:///Users/judy/Desktop/tower/tower/assets/typescript/mainScene.ts from cce:/internal/x/prerequisite-imports as file:///Users/judy/Desktop/tower/tower/assets/typescript/mainScene.ts.
debug: Inspect file:///Users/judy/Desktop/tower/tower/assets/typescript/soldier.ts
debug: Resolve cce:/internal/code-quality/cr.mjs from file:///Users/judy/Desktop/tower/tower/assets/typescript/soldier.ts as cce:/internal/code-quality/cr.mjs.
debug: Resolve cc from file:///Users/judy/Desktop/tower/tower/assets/typescript/soldier.ts as cce:/internal/x/cc.
debug: Resolve cc from file:///Users/judy/Desktop/tower/tower/assets/typescript/soldier.ts as cce:/internal/x/cc.
debug: Resolve ./mainScene from file:///Users/judy/Desktop/tower/tower/assets/typescript/soldier.ts as file:///Users/judy/Desktop/tower/tower/assets/typescript/mainScene.ts.
debug: Resolve ./gloabl from file:///Users/judy/Desktop/tower/tower/assets/typescript/soldier.ts as file:///Users/judy/Desktop/tower/tower/assets/typescript/gloabl.ts.
debug: Target(preview) ends with cost 1025.1301584243774ms.
debug: Dispatch build request for time accumulated 1 asset changes.
debug: Build iteration starts.
Number of accumulated asset changes: 1
Feature changed: false
debug: Target(editor) build started.
debug: Detected change: cce:/internal/x/prerequisite-imports. Last mtime: Thu Jan 01 1970 08:20:05 GMT+0800 (中国标准时间), Current mtime: Thu Jan 01 1970 08:25:20 GMT+0800 (中国标准时间)
debug: Inspect cce:/internal/x/prerequisite-imports
debug: Resolve file:///Users/judy/Desktop/tower/tower/assets/typescript/gloabl.ts from cce:/internal/x/prerequisite-imports as file:///Users/judy/Desktop/tower/tower/assets/typescript/gloabl.ts.
debug: Resolve file:///Users/judy/Desktop/tower/tower/assets/typescript/hero.ts from cce:/internal/x/prerequisite-imports as file:///Users/judy/Desktop/tower/tower/assets/typescript/hero.ts.
debug: Resolve file:///Users/judy/Desktop/tower/tower/assets/typescript/mainScene.ts from cce:/internal/x/prerequisite-imports as file:///Users/judy/Desktop/tower/tower/assets/typescript/mainScene.ts.
debug: Resolve file:///Users/judy/Desktop/tower/tower/assets/typescript/soldier.ts from cce:/internal/x/prerequisite-imports as file:///Users/judy/Desktop/tower/tower/assets/typescript/soldier.ts.
debug: Inspect file:///Users/judy/Desktop/tower/tower/assets/typescript/soldier.ts
debug: Resolve cce:/internal/code-quality/cr.mjs from file:///Users/judy/Desktop/tower/tower/assets/typescript/soldier.ts as cce:/internal/code-quality/cr.mjs.
debug: Resolve cc from file:///Users/judy/Desktop/tower/tower/assets/typescript/soldier.ts as cce:/internal/x/cc.
debug: Resolve cc from file:///Users/judy/Desktop/tower/tower/assets/typescript/soldier.ts as cce:/internal/x/cc.
debug: Resolve ./gloabl from file:///Users/judy/Desktop/tower/tower/assets/typescript/soldier.ts as file:///Users/judy/Desktop/tower/tower/assets/typescript/gloabl.ts.
debug: Resolve ./mainScene from file:///Users/judy/Desktop/tower/tower/assets/typescript/soldier.ts as file:///Users/judy/Desktop/tower/tower/assets/typescript/mainScene.ts.
debug: Target(editor) ends with cost 848.4165811538696ms.
debug: Target(preview) build started.
debug: Detected change: cce:/internal/x/prerequisite-imports. Last mtime: Thu Jan 01 1970 08:20:06 GMT+0800 (中国标准时间), Current mtime: Thu Jan 01 1970 08:25:21 GMT+0800 (中国标准时间)
debug: Inspect cce:/internal/x/prerequisite-imports
debug: Resolve file:///Users/judy/Desktop/tower/tower/assets/typescript/gloabl.ts from cce:/internal/x/prerequisite-imports as file:///Users/judy/Desktop/tower/tower/assets/typescript/gloabl.ts.
debug: Resolve file:///Users/judy/Desktop/tower/tower/assets/typescript/hero.ts from cce:/internal/x/prerequisite-imports as file:///Users/judy/Desktop/tower/tower/assets/typescript/hero.ts.
debug: Resolve file:///Users/judy/Desktop/tower/tower/assets/typescript/mainScene.ts from cce:/internal/x/prerequisite-imports as file:///Users/judy/Desktop/tower/tower/assets/typescript/mainScene.ts.
debug: Resolve file:///Users/judy/Desktop/tower/tower/assets/typescript/soldier.ts from cce:/internal/x/prerequisite-imports as file:///Users/judy/Desktop/tower/tower/assets/typescript/soldier.ts.
debug: Inspect file:///Users/judy/Desktop/tower/tower/assets/typescript/soldier.ts
debug: Resolve cce:/internal/code-quality/cr.mjs from file:///Users/judy/Desktop/tower/tower/assets/typescript/soldier.ts as cce:/internal/code-quality/cr.mjs.
debug: Resolve cc from file:///Users/judy/Desktop/tower/tower/assets/typescript/soldier.ts as cce:/internal/x/cc.
debug: Resolve cc from file:///Users/judy/Desktop/tower/tower/assets/typescript/soldier.ts as cce:/internal/x/cc.
debug: Resolve ./mainScene from file:///Users/judy/Desktop/tower/tower/assets/typescript/soldier.ts as file:///Users/judy/Desktop/tower/tower/assets/typescript/mainScene.ts.
debug: Resolve ./gloabl from file:///Users/judy/Desktop/tower/tower/assets/typescript/soldier.ts as file:///Users/judy/Desktop/tower/tower/assets/typescript/gloabl.ts.
debug: Target(preview) ends with cost 676.5996885299683ms.
debug: Dispatch build request for time accumulated 1 asset changes.
debug: Build iteration starts.
Number of accumulated asset changes: 1
Feature changed: false
debug: Target(editor) build started.
debug: Detected change: cce:/internal/x/prerequisite-imports. Last mtime: Thu Jan 01 1970 08:25:20 GMT+0800 (中国标准时间), Current mtime: Thu Jan 01 1970 08:28:24 GMT+0800 (中国标准时间)
debug: Inspect cce:/internal/x/prerequisite-imports
debug: Resolve file:///Users/judy/Desktop/tower/tower/assets/typescript/gloabl.ts from cce:/internal/x/prerequisite-imports as file:///Users/judy/Desktop/tower/tower/assets/typescript/gloabl.ts.
debug: Resolve file:///Users/judy/Desktop/tower/tower/assets/typescript/hero.ts from cce:/internal/x/prerequisite-imports as file:///Users/judy/Desktop/tower/tower/assets/typescript/hero.ts.
debug: Resolve file:///Users/judy/Desktop/tower/tower/assets/typescript/mainScene.ts from cce:/internal/x/prerequisite-imports as file:///Users/judy/Desktop/tower/tower/assets/typescript/mainScene.ts.
debug: Resolve file:///Users/judy/Desktop/tower/tower/assets/typescript/soldier.ts from cce:/internal/x/prerequisite-imports as file:///Users/judy/Desktop/tower/tower/assets/typescript/soldier.ts.
debug: Inspect file:///Users/judy/Desktop/tower/tower/assets/typescript/soldier.ts
debug: Resolve cce:/internal/code-quality/cr.mjs from file:///Users/judy/Desktop/tower/tower/assets/typescript/soldier.ts as cce:/internal/code-quality/cr.mjs.
debug: Resolve cc from file:///Users/judy/Desktop/tower/tower/assets/typescript/soldier.ts as cce:/internal/x/cc.
debug: Resolve cc from file:///Users/judy/Desktop/tower/tower/assets/typescript/soldier.ts as cce:/internal/x/cc.
debug: Resolve ./gloabl from file:///Users/judy/Desktop/tower/tower/assets/typescript/soldier.ts as file:///Users/judy/Desktop/tower/tower/assets/typescript/gloabl.ts.
debug: Resolve ./mainScene from file:///Users/judy/Desktop/tower/tower/assets/typescript/soldier.ts as file:///Users/judy/Desktop/tower/tower/assets/typescript/mainScene.ts.
debug: Target(editor) ends with cost 1071.0779781341553ms.
debug: Target(preview) build started.
debug: Detected change: cce:/internal/x/prerequisite-imports. Last mtime: Thu Jan 01 1970 08:25:21 GMT+0800 (中国标准时间), Current mtime: Thu Jan 01 1970 08:28:25 GMT+0800 (中国标准时间)
debug: Inspect cce:/internal/x/prerequisite-imports
debug: Resolve file:///Users/judy/Desktop/tower/tower/assets/typescript/gloabl.ts from cce:/internal/x/prerequisite-imports as file:///Users/judy/Desktop/tower/tower/assets/typescript/gloabl.ts.
debug: Resolve file:///Users/judy/Desktop/tower/tower/assets/typescript/hero.ts from cce:/internal/x/prerequisite-imports as file:///Users/judy/Desktop/tower/tower/assets/typescript/hero.ts.
debug: Resolve file:///Users/judy/Desktop/tower/tower/assets/typescript/mainScene.ts from cce:/internal/x/prerequisite-imports as file:///Users/judy/Desktop/tower/tower/assets/typescript/mainScene.ts.
debug: Resolve file:///Users/judy/Desktop/tower/tower/assets/typescript/soldier.ts from cce:/internal/x/prerequisite-imports as file:///Users/judy/Desktop/tower/tower/assets/typescript/soldier.ts.
debug: Inspect file:///Users/judy/Desktop/tower/tower/assets/typescript/soldier.ts
debug: Resolve cce:/internal/code-quality/cr.mjs from file:///Users/judy/Desktop/tower/tower/assets/typescript/soldier.ts as cce:/internal/code-quality/cr.mjs.
debug: Resolve cc from file:///Users/judy/Desktop/tower/tower/assets/typescript/soldier.ts as cce:/internal/x/cc.
debug: Resolve cc from file:///Users/judy/Desktop/tower/tower/assets/typescript/soldier.ts as cce:/internal/x/cc.
debug: Resolve ./gloabl from file:///Users/judy/Desktop/tower/tower/assets/typescript/soldier.ts as file:///Users/judy/Desktop/tower/tower/assets/typescript/gloabl.ts.
debug: Resolve ./mainScene from file:///Users/judy/Desktop/tower/tower/assets/typescript/soldier.ts as file:///Users/judy/Desktop/tower/tower/assets/typescript/mainScene.ts.
debug: Target(preview) ends with cost 1001.3265914916992ms.
debug: Dispatch build request for time accumulated 1 asset changes.
debug: Build iteration starts.
Number of accumulated asset changes: 1
Feature changed: false
debug: Target(editor) build started.
debug: Detected change: cce:/internal/x/prerequisite-imports. Last mtime: Thu Jan 01 1970 08:28:24 GMT+0800 (中国标准时间), Current mtime: Thu Jan 01 1970 08:48:33 GMT+0800 (中国标准时间)
debug: Inspect cce:/internal/x/prerequisite-imports
debug: Resolve file:///Users/judy/Desktop/tower/tower/assets/typescript/gloabl.ts from cce:/internal/x/prerequisite-imports as file:///Users/judy/Desktop/tower/tower/assets/typescript/gloabl.ts.
debug: Resolve file:///Users/judy/Desktop/tower/tower/assets/typescript/hero.ts from cce:/internal/x/prerequisite-imports as file:///Users/judy/Desktop/tower/tower/assets/typescript/hero.ts.
debug: Resolve file:///Users/judy/Desktop/tower/tower/assets/typescript/mainScene.ts from cce:/internal/x/prerequisite-imports as file:///Users/judy/Desktop/tower/tower/assets/typescript/mainScene.ts.
debug: Resolve file:///Users/judy/Desktop/tower/tower/assets/typescript/soldier.ts from cce:/internal/x/prerequisite-imports as file:///Users/judy/Desktop/tower/tower/assets/typescript/soldier.ts.
debug: Inspect file:///Users/judy/Desktop/tower/tower/assets/typescript/soldier.ts
debug: Resolve cce:/internal/code-quality/cr.mjs from file:///Users/judy/Desktop/tower/tower/assets/typescript/soldier.ts as cce:/internal/code-quality/cr.mjs.
debug: Resolve cc from file:///Users/judy/Desktop/tower/tower/assets/typescript/soldier.ts as cce:/internal/x/cc.
debug: Resolve cc from file:///Users/judy/Desktop/tower/tower/assets/typescript/soldier.ts as cce:/internal/x/cc.
debug: Resolve ./gloabl from file:///Users/judy/Desktop/tower/tower/assets/typescript/soldier.ts as file:///Users/judy/Desktop/tower/tower/assets/typescript/gloabl.ts.
debug: Resolve ./mainScene from file:///Users/judy/Desktop/tower/tower/assets/typescript/soldier.ts as file:///Users/judy/Desktop/tower/tower/assets/typescript/mainScene.ts.
debug: Target(editor) ends with cost 1405.0243310928345ms.
debug: Target(preview) build started.
debug: Detected change: cce:/internal/x/prerequisite-imports. Last mtime: Thu Jan 01 1970 08:28:25 GMT+0800 (中国标准时间), Current mtime: Thu Jan 01 1970 08:48:35 GMT+0800 (中国标准时间)
debug: Inspect cce:/internal/x/prerequisite-imports
debug: Resolve file:///Users/judy/Desktop/tower/tower/assets/typescript/gloabl.ts from cce:/internal/x/prerequisite-imports as file:///Users/judy/Desktop/tower/tower/assets/typescript/gloabl.ts.
debug: Resolve file:///Users/judy/Desktop/tower/tower/assets/typescript/hero.ts from cce:/internal/x/prerequisite-imports as file:///Users/judy/Desktop/tower/tower/assets/typescript/hero.ts.
debug: Resolve file:///Users/judy/Desktop/tower/tower/assets/typescript/mainScene.ts from cce:/internal/x/prerequisite-imports as file:///Users/judy/Desktop/tower/tower/assets/typescript/mainScene.ts.
debug: Resolve file:///Users/judy/Desktop/tower/tower/assets/typescript/soldier.ts from cce:/internal/x/prerequisite-imports as file:///Users/judy/Desktop/tower/tower/assets/typescript/soldier.ts.
debug: Inspect file:///Users/judy/Desktop/tower/tower/assets/typescript/soldier.ts
debug: Resolve cce:/internal/code-quality/cr.mjs from file:///Users/judy/Desktop/tower/tower/assets/typescript/soldier.ts as cce:/internal/code-quality/cr.mjs.
debug: Resolve cc from file:///Users/judy/Desktop/tower/tower/assets/typescript/soldier.ts as cce:/internal/x/cc.
debug: Resolve cc from file:///Users/judy/Desktop/tower/tower/assets/typescript/soldier.ts as cce:/internal/x/cc.
debug: Resolve ./gloabl from file:///Users/judy/Desktop/tower/tower/assets/typescript/soldier.ts as file:///Users/judy/Desktop/tower/tower/assets/typescript/gloabl.ts.
debug: Resolve ./mainScene from file:///Users/judy/Desktop/tower/tower/assets/typescript/soldier.ts as file:///Users/judy/Desktop/tower/tower/assets/typescript/mainScene.ts.
debug: Target(preview) ends with cost 1985.387776374817ms.
debug: Dispatch build request for time accumulated 1 asset changes.
debug: Build iteration starts.
Number of accumulated asset changes: 1
Feature changed: false
debug: Target(editor) build started.
debug: Detected change: cce:/internal/x/prerequisite-imports. Last mtime: Thu Jan 01 1970 08:48:33 GMT+0800 (中国标准时间), Current mtime: Thu Jan 01 1970 08:50:12 GMT+0800 (中国标准时间)
debug: Inspect cce:/internal/x/prerequisite-imports
debug: Resolve file:///Users/judy/Desktop/tower/tower/assets/typescript/hero.ts from cce:/internal/x/prerequisite-imports as file:///Users/judy/Desktop/tower/tower/assets/typescript/hero.ts.
debug: Resolve file:///Users/judy/Desktop/tower/tower/assets/typescript/mainScene.ts from cce:/internal/x/prerequisite-imports as file:///Users/judy/Desktop/tower/tower/assets/typescript/mainScene.ts.
debug: Resolve file:///Users/judy/Desktop/tower/tower/assets/typescript/soldier.ts from cce:/internal/x/prerequisite-imports as file:///Users/judy/Desktop/tower/tower/assets/typescript/soldier.ts.
debug: Resolve file:///Users/judy/Desktop/tower/tower/assets/typescript/gloabl.ts from cce:/internal/x/prerequisite-imports as file:///Users/judy/Desktop/tower/tower/assets/typescript/gloabl.ts.
debug: Inspect file:///Users/judy/Desktop/tower/tower/assets/typescript/soldier.ts
debug: Resolve cce:/internal/code-quality/cr.mjs from file:///Users/judy/Desktop/tower/tower/assets/typescript/soldier.ts as cce:/internal/code-quality/cr.mjs.
debug: Resolve cc from file:///Users/judy/Desktop/tower/tower/assets/typescript/soldier.ts as cce:/internal/x/cc.
debug: Resolve cc from file:///Users/judy/Desktop/tower/tower/assets/typescript/soldier.ts as cce:/internal/x/cc.
debug: Resolve ./mainScene from file:///Users/judy/Desktop/tower/tower/assets/typescript/soldier.ts as file:///Users/judy/Desktop/tower/tower/assets/typescript/mainScene.ts.
debug: Resolve ./gloabl from file:///Users/judy/Desktop/tower/tower/assets/typescript/soldier.ts as file:///Users/judy/Desktop/tower/tower/assets/typescript/gloabl.ts.
debug: Target(editor) ends with cost 679.7642707824707ms.
debug: Target(preview) build started.
debug: Detected change: cce:/internal/x/prerequisite-imports. Last mtime: Thu Jan 01 1970 08:48:35 GMT+0800 (中国标准时间), Current mtime: Thu Jan 01 1970 08:50:12 GMT+0800 (中国标准时间)
debug: Inspect cce:/internal/x/prerequisite-imports
debug: Resolve file:///Users/judy/Desktop/tower/tower/assets/typescript/hero.ts from cce:/internal/x/prerequisite-imports as file:///Users/judy/Desktop/tower/tower/assets/typescript/hero.ts.
debug: Resolve file:///Users/judy/Desktop/tower/tower/assets/typescript/soldier.ts from cce:/internal/x/prerequisite-imports as file:///Users/judy/Desktop/tower/tower/assets/typescript/soldier.ts.
debug: Resolve file:///Users/judy/Desktop/tower/tower/assets/typescript/mainScene.ts from cce:/internal/x/prerequisite-imports as file:///Users/judy/Desktop/tower/tower/assets/typescript/mainScene.ts.
debug: Resolve file:///Users/judy/Desktop/tower/tower/assets/typescript/gloabl.ts from cce:/internal/x/prerequisite-imports as file:///Users/judy/Desktop/tower/tower/assets/typescript/gloabl.ts.
debug: Inspect file:///Users/judy/Desktop/tower/tower/assets/typescript/soldier.ts
debug: Resolve cce:/internal/code-quality/cr.mjs from file:///Users/judy/Desktop/tower/tower/assets/typescript/soldier.ts as cce:/internal/code-quality/cr.mjs.
debug: Resolve cc from file:///Users/judy/Desktop/tower/tower/assets/typescript/soldier.ts as cce:/internal/x/cc.
debug: Resolve cc from file:///Users/judy/Desktop/tower/tower/assets/typescript/soldier.ts as cce:/internal/x/cc.
debug: Resolve ./gloabl from file:///Users/judy/Desktop/tower/tower/assets/typescript/soldier.ts as file:///Users/judy/Desktop/tower/tower/assets/typescript/gloabl.ts.
debug: Resolve ./mainScene from file:///Users/judy/Desktop/tower/tower/assets/typescript/soldier.ts as file:///Users/judy/Desktop/tower/tower/assets/typescript/mainScene.ts.
debug: Target(preview) ends with cost 2126.1147651672363ms.
debug: Dispatch build request for time accumulated 1 asset changes.
debug: Build iteration starts.
Number of accumulated asset changes: 1
Feature changed: false
debug: Target(editor) build started.
debug: Detected change: cce:/internal/x/prerequisite-imports. Last mtime: Thu Jan 01 1970 08:50:12 GMT+0800 (中国标准时间), Current mtime: Thu Jan 01 1970 08:54:04 GMT+0800 (中国标准时间)
debug: Inspect cce:/internal/x/prerequisite-imports
debug: Resolve file:///Users/judy/Desktop/tower/tower/assets/typescript/gloabl.ts from cce:/internal/x/prerequisite-imports as file:///Users/judy/Desktop/tower/tower/assets/typescript/gloabl.ts.
debug: Resolve file:///Users/judy/Desktop/tower/tower/assets/typescript/hero.ts from cce:/internal/x/prerequisite-imports as file:///Users/judy/Desktop/tower/tower/assets/typescript/hero.ts.
debug: Resolve file:///Users/judy/Desktop/tower/tower/assets/typescript/mainScene.ts from cce:/internal/x/prerequisite-imports as file:///Users/judy/Desktop/tower/tower/assets/typescript/mainScene.ts.
debug: Resolve file:///Users/judy/Desktop/tower/tower/assets/typescript/soldier.ts from cce:/internal/x/prerequisite-imports as file:///Users/judy/Desktop/tower/tower/assets/typescript/soldier.ts.
debug: Inspect file:///Users/judy/Desktop/tower/tower/assets/typescript/soldier.ts
debug: Resolve cce:/internal/code-quality/cr.mjs from file:///Users/judy/Desktop/tower/tower/assets/typescript/soldier.ts as cce:/internal/code-quality/cr.mjs.
debug: Resolve cc from file:///Users/judy/Desktop/tower/tower/assets/typescript/soldier.ts as cce:/internal/x/cc.
debug: Resolve cc from file:///Users/judy/Desktop/tower/tower/assets/typescript/soldier.ts as cce:/internal/x/cc.
debug: Resolve ./mainScene from file:///Users/judy/Desktop/tower/tower/assets/typescript/soldier.ts as file:///Users/judy/Desktop/tower/tower/assets/typescript/mainScene.ts.
debug: Resolve ./gloabl from file:///Users/judy/Desktop/tower/tower/assets/typescript/soldier.ts as file:///Users/judy/Desktop/tower/tower/assets/typescript/gloabl.ts.
debug: Target(editor) ends with cost 1359.807243347168ms.
debug: Target(preview) build started.
debug: Detected change: cce:/internal/x/prerequisite-imports. Last mtime: Thu Jan 01 1970 08:50:12 GMT+0800 (中国标准时间), Current mtime: Thu Jan 01 1970 08:54:06 GMT+0800 (中国标准时间)
debug: Inspect cce:/internal/x/prerequisite-imports
debug: Resolve file:///Users/judy/Desktop/tower/tower/assets/typescript/hero.ts from cce:/internal/x/prerequisite-imports as file:///Users/judy/Desktop/tower/tower/assets/typescript/hero.ts.
debug: Resolve file:///Users/judy/Desktop/tower/tower/assets/typescript/mainScene.ts from cce:/internal/x/prerequisite-imports as file:///Users/judy/Desktop/tower/tower/assets/typescript/mainScene.ts.
debug: Resolve file:///Users/judy/Desktop/tower/tower/assets/typescript/soldier.ts from cce:/internal/x/prerequisite-imports as file:///Users/judy/Desktop/tower/tower/assets/typescript/soldier.ts.
debug: Resolve file:///Users/judy/Desktop/tower/tower/assets/typescript/gloabl.ts from cce:/internal/x/prerequisite-imports as file:///Users/judy/Desktop/tower/tower/assets/typescript/gloabl.ts.
debug: Inspect file:///Users/judy/Desktop/tower/tower/assets/typescript/soldier.ts
debug: Resolve cce:/internal/code-quality/cr.mjs from file:///Users/judy/Desktop/tower/tower/assets/typescript/soldier.ts as cce:/internal/code-quality/cr.mjs.
debug: Resolve cc from file:///Users/judy/Desktop/tower/tower/assets/typescript/soldier.ts as cce:/internal/x/cc.
debug: Resolve cc from file:///Users/judy/Desktop/tower/tower/assets/typescript/soldier.ts as cce:/internal/x/cc.
debug: Resolve ./mainScene from file:///Users/judy/Desktop/tower/tower/assets/typescript/soldier.ts as file:///Users/judy/Desktop/tower/tower/assets/typescript/mainScene.ts.
debug: Resolve ./gloabl from file:///Users/judy/Desktop/tower/tower/assets/typescript/soldier.ts as file:///Users/judy/Desktop/tower/tower/assets/typescript/gloabl.ts.
debug: Target(preview) ends with cost 1771.66654586792ms.
debug: Dispatch build request for time accumulated 1 asset changes.
debug: Build iteration starts.
Number of accumulated asset changes: 1
Feature changed: false
debug: Target(editor) build started.
debug: Detected change: cce:/internal/x/prerequisite-imports. Last mtime: Thu Jan 01 1970 08:54:04 GMT+0800 (中国标准时间), Current mtime: Thu Jan 01 1970 08:56:43 GMT+0800 (中国标准时间)
debug: Inspect cce:/internal/x/prerequisite-imports
debug: Resolve file:///Users/judy/Desktop/tower/tower/assets/typescript/gloabl.ts from cce:/internal/x/prerequisite-imports as file:///Users/judy/Desktop/tower/tower/assets/typescript/gloabl.ts.
debug: Resolve file:///Users/judy/Desktop/tower/tower/assets/typescript/mainScene.ts from cce:/internal/x/prerequisite-imports as file:///Users/judy/Desktop/tower/tower/assets/typescript/mainScene.ts.
debug: Resolve file:///Users/judy/Desktop/tower/tower/assets/typescript/soldier.ts from cce:/internal/x/prerequisite-imports as file:///Users/judy/Desktop/tower/tower/assets/typescript/soldier.ts.
debug: Resolve file:///Users/judy/Desktop/tower/tower/assets/typescript/hero.ts from cce:/internal/x/prerequisite-imports as file:///Users/judy/Desktop/tower/tower/assets/typescript/hero.ts.
debug: Inspect file:///Users/judy/Desktop/tower/tower/assets/typescript/soldier.ts
debug: Resolve cce:/internal/code-quality/cr.mjs from file:///Users/judy/Desktop/tower/tower/assets/typescript/soldier.ts as cce:/internal/code-quality/cr.mjs.
debug: Resolve cc from file:///Users/judy/Desktop/tower/tower/assets/typescript/soldier.ts as cce:/internal/x/cc.
debug: Resolve cc from file:///Users/judy/Desktop/tower/tower/assets/typescript/soldier.ts as cce:/internal/x/cc.
debug: Resolve ./mainScene from file:///Users/judy/Desktop/tower/tower/assets/typescript/soldier.ts as file:///Users/judy/Desktop/tower/tower/assets/typescript/mainScene.ts.
debug: Resolve ./gloabl from file:///Users/judy/Desktop/tower/tower/assets/typescript/soldier.ts as file:///Users/judy/Desktop/tower/tower/assets/typescript/gloabl.ts.
debug: Target(editor) ends with cost 595.8287868499756ms.
debug: Target(preview) build started.
debug: Detected change: cce:/internal/x/prerequisite-imports. Last mtime: Thu Jan 01 1970 08:54:06 GMT+0800 (中国标准时间), Current mtime: Thu Jan 01 1970 08:56:44 GMT+0800 (中国标准时间)
debug: Inspect cce:/internal/x/prerequisite-imports
debug: Resolve file:///Users/judy/Desktop/tower/tower/assets/typescript/gloabl.ts from cce:/internal/x/prerequisite-imports as file:///Users/judy/Desktop/tower/tower/assets/typescript/gloabl.ts.
debug: Resolve file:///Users/judy/Desktop/tower/tower/assets/typescript/hero.ts from cce:/internal/x/prerequisite-imports as file:///Users/judy/Desktop/tower/tower/assets/typescript/hero.ts.
debug: Resolve file:///Users/judy/Desktop/tower/tower/assets/typescript/mainScene.ts from cce:/internal/x/prerequisite-imports as file:///Users/judy/Desktop/tower/tower/assets/typescript/mainScene.ts.
debug: Resolve file:///Users/judy/Desktop/tower/tower/assets/typescript/soldier.ts from cce:/internal/x/prerequisite-imports as file:///Users/judy/Desktop/tower/tower/assets/typescript/soldier.ts.
debug: Inspect file:///Users/judy/Desktop/tower/tower/assets/typescript/soldier.ts
debug: Resolve cce:/internal/code-quality/cr.mjs from file:///Users/judy/Desktop/tower/tower/assets/typescript/soldier.ts as cce:/internal/code-quality/cr.mjs.
debug: Resolve cc from file:///Users/judy/Desktop/tower/tower/assets/typescript/soldier.ts as cce:/internal/x/cc.
debug: Resolve cc from file:///Users/judy/Desktop/tower/tower/assets/typescript/soldier.ts as cce:/internal/x/cc.
debug: Resolve ./gloabl from file:///Users/judy/Desktop/tower/tower/assets/typescript/soldier.ts as file:///Users/judy/Desktop/tower/tower/assets/typescript/gloabl.ts.
debug: Resolve ./mainScene from file:///Users/judy/Desktop/tower/tower/assets/typescript/soldier.ts as file:///Users/judy/Desktop/tower/tower/assets/typescript/mainScene.ts.
debug: Target(preview) ends with cost 647.4992685317993ms.
debug: Dispatch build request for time accumulated 1 asset changes.
debug: Build iteration starts.
Number of accumulated asset changes: 1
Feature changed: false
debug: Target(editor) build started.
debug: Detected change: cce:/internal/x/prerequisite-imports. Last mtime: Thu Jan 01 1970 08:56:43 GMT+0800 (中国标准时间), Current mtime: Thu Jan 01 1970 09:00:51 GMT+0800 (中国标准时间)
debug: Inspect cce:/internal/x/prerequisite-imports
debug: Resolve file:///Users/judy/Desktop/tower/tower/assets/typescript/gloabl.ts from cce:/internal/x/prerequisite-imports as file:///Users/judy/Desktop/tower/tower/assets/typescript/gloabl.ts.
debug: Resolve file:///Users/judy/Desktop/tower/tower/assets/typescript/hero.ts from cce:/internal/x/prerequisite-imports as file:///Users/judy/Desktop/tower/tower/assets/typescript/hero.ts.
debug: Resolve file:///Users/judy/Desktop/tower/tower/assets/typescript/mainScene.ts from cce:/internal/x/prerequisite-imports as file:///Users/judy/Desktop/tower/tower/assets/typescript/mainScene.ts.
debug: Resolve file:///Users/judy/Desktop/tower/tower/assets/typescript/soldier.ts from cce:/internal/x/prerequisite-imports as file:///Users/judy/Desktop/tower/tower/assets/typescript/soldier.ts.
debug: Inspect file:///Users/judy/Desktop/tower/tower/assets/typescript/soldier.ts
debug: Resolve cce:/internal/code-quality/cr.mjs from file:///Users/judy/Desktop/tower/tower/assets/typescript/soldier.ts as cce:/internal/code-quality/cr.mjs.
debug: Resolve cc from file:///Users/judy/Desktop/tower/tower/assets/typescript/soldier.ts as cce:/internal/x/cc.
debug: Resolve cc from file:///Users/judy/Desktop/tower/tower/assets/typescript/soldier.ts as cce:/internal/x/cc.
debug: Resolve ./gloabl from file:///Users/judy/Desktop/tower/tower/assets/typescript/soldier.ts as file:///Users/judy/Desktop/tower/tower/assets/typescript/gloabl.ts.
debug: Resolve ./mainScene from file:///Users/judy/Desktop/tower/tower/assets/typescript/soldier.ts as file:///Users/judy/Desktop/tower/tower/assets/typescript/mainScene.ts.
debug: Target(editor) ends with cost 1216.7395429611206ms.
debug: Target(preview) build started.
debug: Detected change: cce:/internal/x/prerequisite-imports. Last mtime: Thu Jan 01 1970 08:56:44 GMT+0800 (中国标准时间), Current mtime: Thu Jan 01 1970 09:00:52 GMT+0800 (中国标准时间)
debug: Inspect cce:/internal/x/prerequisite-imports
debug: Resolve file:///Users/judy/Desktop/tower/tower/assets/typescript/gloabl.ts from cce:/internal/x/prerequisite-imports as file:///Users/judy/Desktop/tower/tower/assets/typescript/gloabl.ts.
debug: Resolve file:///Users/judy/Desktop/tower/tower/assets/typescript/hero.ts from cce:/internal/x/prerequisite-imports as file:///Users/judy/Desktop/tower/tower/assets/typescript/hero.ts.
debug: Resolve file:///Users/judy/Desktop/tower/tower/assets/typescript/mainScene.ts from cce:/internal/x/prerequisite-imports as file:///Users/judy/Desktop/tower/tower/assets/typescript/mainScene.ts.
debug: Resolve file:///Users/judy/Desktop/tower/tower/assets/typescript/soldier.ts from cce:/internal/x/prerequisite-imports as file:///Users/judy/Desktop/tower/tower/assets/typescript/soldier.ts.
debug: Inspect file:///Users/judy/Desktop/tower/tower/assets/typescript/soldier.ts
debug: Resolve cce:/internal/code-quality/cr.mjs from file:///Users/judy/Desktop/tower/tower/assets/typescript/soldier.ts as cce:/internal/code-quality/cr.mjs.
debug: Resolve cc from file:///Users/judy/Desktop/tower/tower/assets/typescript/soldier.ts as cce:/internal/x/cc.
debug: Resolve cc from file:///Users/judy/Desktop/tower/tower/assets/typescript/soldier.ts as cce:/internal/x/cc.
debug: Resolve ./gloabl from file:///Users/judy/Desktop/tower/tower/assets/typescript/soldier.ts as file:///Users/judy/Desktop/tower/tower/assets/typescript/gloabl.ts.
debug: Resolve ./mainScene from file:///Users/judy/Desktop/tower/tower/assets/typescript/soldier.ts as file:///Users/judy/Desktop/tower/tower/assets/typescript/mainScene.ts.
debug: Target(preview) ends with cost 1554.411211013794ms.
debug: Dispatch build request for time accumulated 1 asset changes.
debug: Build iteration starts.
Number of accumulated asset changes: 1
Feature changed: false
debug: Target(editor) build started.
debug: Detected change: cce:/internal/x/prerequisite-imports. Last mtime: Thu Jan 01 1970 09:00:51 GMT+0800 (中国标准时间), Current mtime: Thu Jan 01 1970 09:26:18 GMT+0800 (中国标准时间)
debug: Inspect cce:/internal/x/prerequisite-imports
debug: Resolve file:///Users/judy/Desktop/tower/tower/assets/typescript/gloabl.ts from cce:/internal/x/prerequisite-imports as file:///Users/judy/Desktop/tower/tower/assets/typescript/gloabl.ts.
debug: Resolve file:///Users/judy/Desktop/tower/tower/assets/typescript/hero.ts from cce:/internal/x/prerequisite-imports as file:///Users/judy/Desktop/tower/tower/assets/typescript/hero.ts.
debug: Resolve file:///Users/judy/Desktop/tower/tower/assets/typescript/mainScene.ts from cce:/internal/x/prerequisite-imports as file:///Users/judy/Desktop/tower/tower/assets/typescript/mainScene.ts.
debug: Resolve file:///Users/judy/Desktop/tower/tower/assets/typescript/soldier.ts from cce:/internal/x/prerequisite-imports as file:///Users/judy/Desktop/tower/tower/assets/typescript/soldier.ts.
debug: Inspect file:///Users/judy/Desktop/tower/tower/assets/typescript/soldier.ts
debug: Resolve cce:/internal/code-quality/cr.mjs from file:///Users/judy/Desktop/tower/tower/assets/typescript/soldier.ts as cce:/internal/code-quality/cr.mjs.
debug: Resolve cc from file:///Users/judy/Desktop/tower/tower/assets/typescript/soldier.ts as cce:/internal/x/cc.
debug: Resolve cc from file:///Users/judy/Desktop/tower/tower/assets/typescript/soldier.ts as cce:/internal/x/cc.
debug: Resolve ./mainScene from file:///Users/judy/Desktop/tower/tower/assets/typescript/soldier.ts as file:///Users/judy/Desktop/tower/tower/assets/typescript/mainScene.ts.
debug: Resolve ./gloabl from file:///Users/judy/Desktop/tower/tower/assets/typescript/soldier.ts as file:///Users/judy/Desktop/tower/tower/assets/typescript/gloabl.ts.
debug: Target(editor) ends with cost 649.6469221115112ms.
debug: Target(preview) build started.
debug: Detected change: cce:/internal/x/prerequisite-imports. Last mtime: Thu Jan 01 1970 09:00:52 GMT+0800 (中国标准时间), Current mtime: Thu Jan 01 1970 09:26:19 GMT+0800 (中国标准时间)
debug: Inspect cce:/internal/x/prerequisite-imports
debug: Resolve file:///Users/judy/Desktop/tower/tower/assets/typescript/gloabl.ts from cce:/internal/x/prerequisite-imports as file:///Users/judy/Desktop/tower/tower/assets/typescript/gloabl.ts.
debug: Resolve file:///Users/judy/Desktop/tower/tower/assets/typescript/hero.ts from cce:/internal/x/prerequisite-imports as file:///Users/judy/Desktop/tower/tower/assets/typescript/hero.ts.
debug: Resolve file:///Users/judy/Desktop/tower/tower/assets/typescript/mainScene.ts from cce:/internal/x/prerequisite-imports as file:///Users/judy/Desktop/tower/tower/assets/typescript/mainScene.ts.
debug: Resolve file:///Users/judy/Desktop/tower/tower/assets/typescript/soldier.ts from cce:/internal/x/prerequisite-imports as file:///Users/judy/Desktop/tower/tower/assets/typescript/soldier.ts.
debug: Inspect file:///Users/judy/Desktop/tower/tower/assets/typescript/soldier.ts
debug: Resolve cce:/internal/code-quality/cr.mjs from file:///Users/judy/Desktop/tower/tower/assets/typescript/soldier.ts as cce:/internal/code-quality/cr.mjs.
debug: Resolve cc from file:///Users/judy/Desktop/tower/tower/assets/typescript/soldier.ts as cce:/internal/x/cc.
debug: Resolve cc from file:///Users/judy/Desktop/tower/tower/assets/typescript/soldier.ts as cce:/internal/x/cc.
debug: Resolve ./gloabl from file:///Users/judy/Desktop/tower/tower/assets/typescript/soldier.ts as file:///Users/judy/Desktop/tower/tower/assets/typescript/gloabl.ts.
debug: Resolve ./mainScene from file:///Users/judy/Desktop/tower/tower/assets/typescript/soldier.ts as file:///Users/judy/Desktop/tower/tower/assets/typescript/mainScene.ts.
debug: Target(preview) ends with cost 788.1915616989136ms.
